2026-05-02 13:21:57.075 -03:00 [INF] User profile is available. Using 'C:\Users\joaoa\AppData\Local\ASP.NET\DataProtection-Keys' as key repository and Windows DPAPI to encrypt keys at rest.
2026-05-02 13:21:57.180 -03:00 [INF] Now listening on: http://localhost:5283
2026-05-02 13:21:57.185 -03:00 [INF] Application started. Press Ctrl+C to shut down.
2026-05-02 13:21:57.187 -03:00 [INF] Hosting environment: Development
2026-05-02 13:21:57.189 -03:00 [INF] Content root path: C:\Users\joaoa\OneDrive\Documentos\Linguagens_Codigos\Csharp\zcorp-sentinel\src\IdentityDefense.API
2026-05-02 13:21:59.623 -03:00 [INF] Request starting HTTP/1.1 OPTIONS http://localhost:5283/api/dashboard/summary - null null
2026-05-02 13:21:59.674 -03:00 [WRN] Failed to determine the https port for redirect.
2026-05-02 13:21:59.677 -03:00 [INF] CORS policy execution successful.
2026-05-02 13:21:59.683 -03:00 [INF] Request finished HTTP/1.1 OPTIONS http://localhost:5283/api/dashboard/summary - 204 null null 62.884ms
2026-05-02 13:21:59.696 -03:00 [INF] Request starting HTTP/1.1 GET http://localhost:5283/api/dashboard/summary - null null
2026-05-02 13:21:59.701 -03:00 [INF] CORS policy execution successful.
2026-05-02 13:21:59.767 -03:00 [INF] Executing endpoint 'IdentityDefense.API.Controllers.DashboardController.GetSummary (IdentityDefense.API)'
2026-05-02 13:21:59.780 -03:00 [INF] Route matched with {action = "GetSummary", controller = "Dashboard"}. Executing controller action with signature System.Threading.Tasks.Task`1[Microsoft.AspNetCore.Mvc.IActionResult] GetSummary() on controller IdentityDefense.API.Controllers.DashboardController (IdentityDefense.API).
2026-05-02 13:22:00.343 -03:00 [INF] Executed DbCommand (11ms) [Parameters=[], CommandType='"Text"', CommandTimeout='30']
SELECT i."Id", i."Channel", i."Classification", i."CreatedAt", i."DetectedSignals", i."RiskReasons", i."RiskScore", i."Source", i."Subject"
FROM identity_risk_cases AS i
ORDER BY i."CreatedAt" DESC
2026-05-02 13:22:00.464 -03:00 [INF] Executing OkObjectResult, writing value of type 'IdentityDefense.Application.DTOs.DashboardSummaryDto'.
2026-05-02 13:22:00.501 -03:00 [INF] Executed action IdentityDefense.API.Controllers.DashboardController.GetSummary (IdentityDefense.API) in 716.9339ms
2026-05-02 13:22:00.516 -03:00 [INF] Executed endpoint 'IdentityDefense.API.Controllers.DashboardController.GetSummary (IdentityDefense.API)'
2026-05-02 13:22:00.529 -03:00 [INF] Request finished HTTP/1.1 GET http://localhost:5283/api/dashboard/summary - 200 null application/json; charset=utf-8 833.6357ms
2026-05-02 13:22:04.556 -03:00 [INF] Request starting HTTP/1.1 GET http://localhost:5283/api/dashboard/summary - null null
2026-05-02 13:22:04.565 -03:00 [INF] CORS policy execution successful.
2026-05-02 13:22:04.569 -03:00 [INF] Executing endpoint 'IdentityDefense.API.Controllers.DashboardController.GetSummary (IdentityDefense.API)'
2026-05-02 13:22:04.572 -03:00 [INF] Route matched with {action = "GetSummary", controller = "Dashboard"}. Executing controller action with signature System.Threading.Tasks.Task`1[Microsoft.AspNetCore.Mvc.IActionResult] GetSummary() on controller IdentityDefense.API.Controllers.DashboardController (IdentityDefense.API).
2026-05-02 13:22:04.626 -03:00 [INF] Executed DbCommand (3ms) [Parameters=[], CommandType='"Text"', CommandTimeout='30']
SELECT i."Id", i."Channel", i."Classification", i."CreatedAt", i."DetectedSignals", i."RiskReasons", i."RiskScore", i."Source", i."Subject"
FROM identity_risk_cases AS i
ORDER BY i."CreatedAt" DESC
2026-05-02 13:22:04.633 -03:00 [INF] Executing OkObjectResult, writing value of type 'IdentityDefense.Application.DTOs.DashboardSummaryDto'.
2026-05-02 13:22:04.638 -03:00 [INF] Executed action IdentityDefense.API.Controllers.DashboardController.GetSummary (IdentityDefense.API) in 60.304ms
2026-05-02 13:22:04.651 -03:00 [INF] Executed endpoint 'IdentityDefense.API.Controllers.DashboardController.GetSummary (IdentityDefense.API)'
2026-05-02 13:22:04.653 -03:00 [INF] Request finished HTTP/1.1 GET http://localhost:5283/api/dashboard/summary - 200 null application/json; charset=utf-8 96.7351ms
2026-05-02 13:22:17.591 -03:00 [INF] Request starting HTTP/1.1 GET http://localhost:5283/health - null null
2026-05-02 13:22:17.598 -03:00 [INF] Executing endpoint 'HTTP: GET /health'
2026-05-02 13:22:17.609 -03:00 [INF] Setting HTTP status code 200.
2026-05-02 13:22:17.624 -03:00 [INF] Writing value of type '<>f__AnonymousType5`1' as Json.
2026-05-02 13:22:17.630 -03:00 [INF] Executed endpoint 'HTTP: GET /health'
2026-05-02 13:22:17.633 -03:00 [INF] Request finished HTTP/1.1 GET http://localhost:5283/health - 200 null application/json; charset=utf-8 41.616ms
2026-05-02 13:22:33.567 -03:00 [INF] Request starting HTTP/1.1 OPTIONS http://localhost:5283/api/dashboard/summary - null null
2026-05-02 13:22:33.580 -03:00 [INF] CORS policy execution successful.
2026-05-02 13:22:33.583 -03:00 [INF] Request finished HTTP/1.1 OPTIONS http://localhost:5283/api/dashboard/summary - 204 null null 15.9111ms
2026-05-02 13:22:33.597 -03:00 [INF] Request starting HTTP/1.1 GET http://localhost:5283/api/dashboard/summary - null null
2026-05-02 13:22:33.601 -03:00 [INF] CORS policy execution successful.
2026-05-02 13:22:33.606 -03:00 [INF] Executing endpoint 'IdentityDefense.API.Controllers.DashboardController.GetSummary (IdentityDefense.API)'
2026-05-02 13:22:33.611 -03:00 [INF] Route matched with {action = "GetSummary", controller = "Dashboard"}. Executing controller action with signature System.Threading.Tasks.Task`1[Microsoft.AspNetCore.Mvc.IActionResult] GetSummary() on controller IdentityDefense.API.Controllers.DashboardController (IdentityDefense.API).
2026-05-02 13:22:33.631 -03:00 [INF] Executed DbCommand (2ms) [Parameters=[], CommandType='"Text"', CommandTimeout='30']
SELECT i."Id", i."Channel", i."Classification", i."CreatedAt", i."DetectedSignals", i."RiskReasons", i."RiskScore", i."Source", i."Subject"
FROM identity_risk_cases AS i
ORDER BY i."CreatedAt" DESC
2026-05-02 13:22:33.639 -03:00 [INF] Executing OkObjectResult, writing value of type 'IdentityDefense.Application.DTOs.DashboardSummaryDto'.
2026-05-02 13:22:33.650 -03:00 [INF] Executed action IdentityDefense.API.Controllers.DashboardController.GetSummary (IdentityDefense.API) in 36.3563ms
2026-05-02 13:22:33.652 -03:00 [INF] Executed endpoint 'IdentityDefense.API.Controllers.DashboardController.GetSummary (IdentityDefense.API)'
2026-05-02 13:22:33.656 -03:00 [INF] Request finished HTTP/1.1 GET http://localhost:5283/api/dashboard/summary - 200 null application/json; charset=utf-8 58.7529ms
2026-05-02 13:23:33.559 -03:00 [INF] Request starting HTTP/1.1 OPTIONS http://localhost:5283/api/dashboard/summary - null null
2026-05-02 13:23:33.566 -03:00 [INF] CORS policy execution successful.
2026-05-02 13:23:33.569 -03:00 [INF] Request finished HTTP/1.1 OPTIONS http://localhost:5283/api/dashboard/summary - 204 null null 9.6754ms
2026-05-02 13:23:33.576 -03:00 [INF] Request starting HTTP/1.1 GET http://localhost:5283/api/dashboard/summary - null null
2026-05-02 13:23:33.580 -03:00 [INF] CORS policy execution successful.
2026-05-02 13:23:33.582 -03:00 [INF] Executing endpoint 'IdentityDefense.API.Controllers.DashboardController.GetSummary (IdentityDefense.API)'
2026-05-02 13:23:33.584 -03:00 [INF] Route matched with {action = "GetSummary", controller = "Dashboard"}. Executing controller action with signature System.Threading.Tasks.Task`1[Microsoft.AspNetCore.Mvc.IActionResult] GetSummary() on controller IdentityDefense.API.Controllers.DashboardController (IdentityDefense.API).
2026-05-02 13:23:33.589 -03:00 [INF] Executed DbCommand (1ms) [Parameters=[], CommandType='"Text"', CommandTimeout='30']
SELECT i."Id", i."Channel", i."Classification", i."CreatedAt", i."DetectedSignals", i."RiskReasons", i."RiskScore", i."Source", i."Subject"
FROM identity_risk_cases AS i
ORDER BY i."CreatedAt" DESC
2026-05-02 13:23:33.593 -03:00 [INF] Executing OkObjectResult, writing value of type 'IdentityDefense.Application.DTOs.DashboardSummaryDto'.
2026-05-02 13:23:33.595 -03:00 [INF] Executed action IdentityDefense.API.Controllers.DashboardController.GetSummary (IdentityDefense.API) in 8.1273ms
2026-05-02 13:23:33.597 -03:00 [INF] Executed endpoint 'IdentityDefense.API.Controllers.DashboardController.GetSummary (IdentityDefense.API)'
2026-05-02 13:23:33.599 -03:00 [INF] Request finished HTTP/1.1 GET http://localhost:5283/api/dashboard/summary - 200 null application/json; charset=utf-8 23.0268ms
2026-05-02 13:24:33.569 -03:00 [INF] Request starting HTTP/1.1 OPTIONS http://localhost:5283/api/dashboard/summary - null null
2026-05-02 13:24:33.574 -03:00 [INF] CORS policy execution successful.
2026-05-02 13:24:33.576 -03:00 [INF] Request finished HTTP/1.1 OPTIONS http://localhost:5283/api/dashboard/summary - 204 null null 6.3859ms
2026-05-02 13:24:33.612 -03:00 [INF] Request starting HTTP/1.1 GET http://localhost:5283/api/dashboard/summary - null null
2026-05-02 13:24:33.624 -03:00 [INF] CORS policy execution successful.
2026-05-02 13:24:33.627 -03:00 [INF] Executing endpoint 'IdentityDefense.API.Controllers.DashboardController.GetSummary (IdentityDefense.API)'
2026-05-02 13:24:33.630 -03:00 [INF] Route matched with {action = "GetSummary", controller = "Dashboard"}. Executing controller action with signature System.Threading.Tasks.Task`1[Microsoft.AspNetCore.Mvc.IActionResult] GetSummary() on controller IdentityDefense.API.Controllers.DashboardController (IdentityDefense.API).
2026-05-02 13:24:33.640 -03:00 [INF] Executed DbCommand (5ms) [Parameters=[], CommandType='"Text"', CommandTimeout='30']
SELECT i."Id", i."Channel", i."Classification", i."CreatedAt", i."DetectedSignals", i."RiskReasons", i."RiskScore", i."Source", i."Subject"
FROM identity_risk_cases AS i
ORDER BY i."CreatedAt" DESC
2026-05-02 13:24:33.645 -03:00 [INF] Executing OkObjectResult, writing value of type 'IdentityDefense.Application.DTOs.DashboardSummaryDto'.
2026-05-02 13:24:33.647 -03:00 [INF] Executed action IdentityDefense.API.Controllers.DashboardController.GetSummary (IdentityDefense.API) in 12.4343ms
2026-05-02 13:24:33.650 -03:00 [INF] Executed endpoint 'IdentityDefense.API.Controllers.DashboardController.GetSummary (IdentityDefense.API)'
2026-05-02 13:24:33.651 -03:00 [INF] Request finished HTTP/1.1 GET http://localhost:5283/api/dashboard/summary - 200 null application/json; charset=utf-8 38.9678ms
2026-05-02 13:25:33.566 -03:00 [INF] Request starting HTTP/1.1 OPTIONS http://localhost:5283/api/dashboard/summary - null null
2026-05-02 13:25:33.570 -03:00 [INF] CORS policy execution successful.
2026-05-02 13:25:33.571 -03:00 [INF] Request finished HTTP/1.1 OPTIONS http://localhost:5283/api/dashboard/summary - 204 null null 5.2013ms
2026-05-02 13:25:33.583 -03:00 [INF] Request starting HTTP/1.1 GET http://localhost:5283/api/dashboard/summary - null null
2026-05-02 13:25:33.590 -03:00 [INF] CORS policy execution successful.
2026-05-02 13:25:33.593 -03:00 [INF] Executing endpoint 'IdentityDefense.API.Controllers.DashboardController.GetSummary (IdentityDefense.API)'
2026-05-02 13:25:33.597 -03:00 [INF] Route matched with {action = "GetSummary", controller = "Dashboard"}. Executing controller action with signature System.Threading.Tasks.Task`1[Microsoft.AspNetCore.Mvc.IActionResult] GetSummary() on controller IdentityDefense.API.Controllers.DashboardController (IdentityDefense.API).
2026-05-02 13:25:33.614 -03:00 [INF] Executed DbCommand (1ms) [Parameters=[], CommandType='"Text"', CommandTimeout='30']
SELECT i."Id", i."Channel", i."Classification", i."CreatedAt", i."DetectedSignals", i."RiskReasons", i."RiskScore", i."Source", i."Subject"
FROM identity_risk_cases AS i
ORDER BY i."CreatedAt" DESC
2026-05-02 13:25:33.620 -03:00 [INF] Executing OkObjectResult, writing value of type 'IdentityDefense.Application.DTOs.DashboardSummaryDto'.
2026-05-02 13:25:33.623 -03:00 [INF] Executed action IdentityDefense.API.Controllers.DashboardController.GetSummary (IdentityDefense.API) in 11.4091ms
2026-05-02 13:25:33.626 -03:00 [INF] Executed endpoint 'IdentityDefense.API.Controllers.DashboardController.GetSummary (IdentityDefense.API)'
2026-05-02 13:25:33.629 -03:00 [INF] Request finished HTTP/1.1 GET http://localhost:5283/api/dashboard/summary - 200 null application/json; charset=utf-8 46.0463ms
2026-05-02 13:26:33.563 -03:00 [INF] Request starting HTTP/1.1 OPTIONS http://localhost:5283/api/dashboard/summary - null null
2026-05-02 13:26:33.570 -03:00 [INF] CORS policy execution successful.
2026-05-02 13:26:33.571 -03:00 [INF] Request finished HTTP/1.1 OPTIONS http://localhost:5283/api/dashboard/summary - 204 null null 8.8618ms
2026-05-02 13:26:33.576 -03:00 [INF] Request starting HTTP/1.1 GET http://localhost:5283/api/dashboard/summary - null null
2026-05-02 13:26:33.578 -03:00 [INF] CORS policy execution successful.
2026-05-02 13:26:33.579 -03:00 [INF] Executing endpoint 'IdentityDefense.API.Controllers.DashboardController.GetSummary (IdentityDefense.API)'
2026-05-02 13:26:33.579 -03:00 [INF] Route matched with {action = "GetSummary", controller = "Dashboard"}. Executing controller action with signature System.Threading.Tasks.Task`1[Microsoft.AspNetCore.Mvc.IActionResult] GetSummary() on controller IdentityDefense.API.Controllers.DashboardController (IdentityDefense.API).
2026-05-02 13:26:33.586 -03:00 [INF] Executed DbCommand (4ms) [Parameters=[], CommandType='"Text"', CommandTimeout='30']
SELECT i."Id", i."Channel", i."Classification", i."CreatedAt", i."DetectedSignals", i."RiskReasons", i."RiskScore", i."Source", i."Subject"
FROM identity_risk_cases AS i
ORDER BY i."CreatedAt" DESC
2026-05-02 13:26:33.590 -03:00 [INF] Executing OkObjectResult, writing value of type 'IdentityDefense.Application.DTOs.DashboardSummaryDto'.
2026-05-02 13:26:33.593 -03:00 [INF] Executed action IdentityDefense.API.Controllers.DashboardController.GetSummary (IdentityDefense.API) in 11.3164ms
2026-05-02 13:26:33.602 -03:00 [INF] Executed endpoint 'IdentityDefense.API.Controllers.DashboardController.GetSummary (IdentityDefense.API)'
2026-05-02 13:26:33.603 -03:00 [INF] Request finished HTTP/1.1 GET http://localhost:5283/api/dashboard/summary - 200 null application/json; charset=utf-8 26.9586ms
2026-05-02 13:27:33.555 -03:00 [INF] Request starting HTTP/1.1 OPTIONS http://localhost:5283/api/dashboard/summary - null null
2026-05-02 13:27:33.558 -03:00 [INF] CORS policy execution successful.
2026-05-02 13:27:33.559 -03:00 [INF] Request finished HTTP/1.1 OPTIONS http://localhost:5283/api/dashboard/summary - 204 null null 4.2541ms
2026-05-02 13:27:33.575 -03:00 [INF] Request starting HTTP/1.1 GET http://localhost:5283/api/dashboard/summary - null null
2026-05-02 13:27:33.578 -03:00 [INF] CORS policy execution successful.
2026-05-02 13:27:33.580 -03:00 [INF] Executing endpoint 'IdentityDefense.API.Controllers.DashboardController.GetSummary (IdentityDefense.API)'
2026-05-02 13:27:33.581 -03:00 [INF] Route matched with {action = "GetSummary", controller = "Dashboard"}. Executing controller action with signature System.Threading.Tasks.Task`1[Microsoft.AspNetCore.Mvc.IActionResult] GetSummary() on controller IdentityDefense.API.Controllers.DashboardController (IdentityDefense.API).
2026-05-02 13:27:33.606 -03:00 [INF] Executed DbCommand (3ms) [Parameters=[], CommandType='"Text"', CommandTimeout='30']
SELECT i."Id", i."Channel", i."Classification", i."CreatedAt", i."DetectedSignals", i."RiskReasons", i."RiskScore", i."Source", i."Subject"
FROM identity_risk_cases AS i
ORDER BY i."CreatedAt" DESC
2026-05-02 13:27:33.609 -03:00 [INF] Executing OkObjectResult, writing value of type 'IdentityDefense.Application.DTOs.DashboardSummaryDto'.
2026-05-02 13:27:33.611 -03:00 [INF] Executed action IdentityDefense.API.Controllers.DashboardController.GetSummary (IdentityDefense.API) in 28.9585ms
2026-05-02 13:27:33.614 -03:00 [INF] Executed endpoint 'IdentityDefense.API.Controllers.DashboardController.GetSummary (IdentityDefense.API)'
2026-05-02 13:27:33.615 -03:00 [INF] Request finished HTTP/1.1 GET http://localhost:5283/api/dashboard/summary - 200 null application/json; charset=utf-8 39.9666ms
2026-05-02 13:28:33.559 -03:00 [INF] Request starting HTTP/1.1 OPTIONS http://localhost:5283/api/dashboard/summary - null null
2026-05-02 13:28:33.574 -03:00 [INF] CORS policy execution successful.
2026-05-02 13:28:33.575 -03:00 [INF] Request finished HTTP/1.1 OPTIONS http://localhost:5283/api/dashboard/summary - 204 null null 15.3415ms
2026-05-02 13:28:33.592 -03:00 [INF] Request starting HTTP/1.1 GET http://localhost:5283/api/dashboard/summary - null null
2026-05-02 13:28:33.599 -03:00 [INF] CORS policy execution successful.
2026-05-02 13:28:33.601 -03:00 [INF] Executing endpoint 'IdentityDefense.API.Controllers.DashboardController.GetSummary (IdentityDefense.API)'
2026-05-02 13:28:33.602 -03:00 [INF] Route matched with {action = "GetSummary", controller = "Dashboard"}. Executing controller action with signature System.Threading.Tasks.Task`1[Microsoft.AspNetCore.Mvc.IActionResult] GetSummary() on controller IdentityDefense.API.Controllers.DashboardController (IdentityDefense.API).
2026-05-02 13:28:33.605 -03:00 [INF] Executed DbCommand (1ms) [Parameters=[], CommandType='"Text"', CommandTimeout='30']
SELECT i."Id", i."Channel", i."Classification", i."CreatedAt", i."DetectedSignals", i."RiskReasons", i."RiskScore", i."Source", i."Subject"
FROM identity_risk_cases AS i
ORDER BY i."CreatedAt" DESC
2026-05-02 13:28:33.608 -03:00 [INF] Executing OkObjectResult, writing value of type 'IdentityDefense.Application.DTOs.DashboardSummaryDto'.
2026-05-02 13:28:33.610 -03:00 [INF] Executed action IdentityDefense.API.Controllers.DashboardController.GetSummary (IdentityDefense.API) in 6.1943ms
2026-05-02 13:28:33.611 -03:00 [INF] Executed endpoint 'IdentityDefense.API.Controllers.DashboardController.GetSummary (IdentityDefense.API)'
2026-05-02 13:28:33.612 -03:00 [INF] Request finished HTTP/1.1 GET http://localhost:5283/api/dashboard/summary - 200 null application/json; charset=utf-8 20.3013ms
2026-05-02 13:29:33.558 -03:00 [INF] Request starting HTTP/1.1 OPTIONS http://localhost:5283/api/dashboard/summary - null null
2026-05-02 13:29:33.563 -03:00 [INF] CORS policy execution successful.
2026-05-02 13:29:33.564 -03:00 [INF] Request finished HTTP/1.1 OPTIONS http://localhost:5283/api/dashboard/summary - 204 null null 6.1292ms
2026-05-02 13:29:33.574 -03:00 [INF] Request starting HTTP/1.1 GET http://localhost:5283/api/dashboard/summary - null null
2026-05-02 13:29:33.580 -03:00 [INF] CORS policy execution successful.
2026-05-02 13:29:33.581 -03:00 [INF] Executing endpoint 'IdentityDefense.API.Controllers.DashboardController.GetSummary (IdentityDefense.API)'
2026-05-02 13:29:33.582 -03:00 [INF] Route matched with {action = "GetSummary", controller = "Dashboard"}. Executing controller action with signature System.Threading.Tasks.Task`1[Microsoft.AspNetCore.Mvc.IActionResult] GetSummary() on controller IdentityDefense.API.Controllers.DashboardController (IdentityDefense.API).
2026-05-02 13:29:33.590 -03:00 [INF] Executed DbCommand (3ms) [Parameters=[], CommandType='"Text"', CommandTimeout='30']
SELECT i."Id", i."Channel", i."Classification", i."CreatedAt", i."DetectedSignals", i."RiskReasons", i."RiskScore", i."Source", i."Subject"
FROM identity_risk_cases AS i
ORDER BY i."CreatedAt" DESC
2026-05-02 13:29:33.594 -03:00 [INF] Executing OkObjectResult, writing value of type 'IdentityDefense.Application.DTOs.DashboardSummaryDto'.
2026-05-02 13:29:33.596 -03:00 [INF] Executed action IdentityDefense.API.Controllers.DashboardController.GetSummary (IdentityDefense.API) in 10.4002ms
2026-05-02 13:29:33.599 -03:00 [INF] Executed endpoint 'IdentityDefense.API.Controllers.DashboardController.GetSummary (IdentityDefense.API)'
2026-05-02 13:29:33.600 -03:00 [INF] Request finished HTTP/1.1 GET http://localhost:5283/api/dashboard/summary - 200 null application/json; charset=utf-8 25.839ms
2026-05-02 13:30:33.556 -03:00 [INF] Request starting HTTP/1.1 OPTIONS http://localhost:5283/api/dashboard/summary - null null
2026-05-02 13:30:33.563 -03:00 [INF] CORS policy execution successful.
2026-05-02 13:30:33.566 -03:00 [INF] Request finished HTTP/1.1 OPTIONS http://localhost:5283/api/dashboard/summary - 204 null null 10.2084ms
2026-05-02 13:30:33.571 -03:00 [INF] Request starting HTTP/1.1 GET http://localhost:5283/api/dashboard/summary - null null
2026-05-02 13:30:33.576 -03:00 [INF] CORS policy execution successful.
2026-05-02 13:30:33.578 -03:00 [INF] Executing endpoint 'IdentityDefense.API.Controllers.DashboardController.GetSummary (IdentityDefense.API)'
2026-05-02 13:30:33.579 -03:00 [INF] Route matched with {action = "GetSummary", controller = "Dashboard"}. Executing controller action with signature System.Threading.Tasks.Task`1[Microsoft.AspNetCore.Mvc.IActionResult] GetSummary() on controller IdentityDefense.API.Controllers.DashboardController (IdentityDefense.API).
2026-05-02 13:30:33.584 -03:00 [INF] Executed DbCommand (2ms) [Parameters=[], CommandType='"Text"', CommandTimeout='30']
SELECT i."Id", i."Channel", i."Classification", i."CreatedAt", i."DetectedSignals", i."RiskReasons", i."RiskScore", i."Source", i."Subject"
FROM identity_risk_cases AS i
ORDER BY i."CreatedAt" DESC
2026-05-02 13:30:33.589 -03:00 [INF] Executing OkObjectResult, writing value of type 'IdentityDefense.Application.DTOs.DashboardSummaryDto'.
2026-05-02 13:30:33.595 -03:00 [INF] Executed action IdentityDefense.API.Controllers.DashboardController.GetSummary (IdentityDefense.API) in 13.5304ms
2026-05-02 13:30:33.603 -03:00 [INF] Executed endpoint 'IdentityDefense.API.Controllers.DashboardController.GetSummary (IdentityDefense.API)'
2026-05-02 13:30:33.607 -03:00 [INF] Request finished HTTP/1.1 GET http://localhost:5283/api/dashboard/summary - 200 null application/json; charset=utf-8 35.6599ms
2026-05-02 13:31:33.558 -03:00 [INF] Request starting HTTP/1.1 OPTIONS http://localhost:5283/api/dashboard/summary - null null
2026-05-02 13:31:33.566 -03:00 [INF] CORS policy execution successful.
2026-05-02 13:31:33.568 -03:00 [INF] Request finished HTTP/1.1 OPTIONS http://localhost:5283/api/dashboard/summary - 204 null null 9.9149ms
2026-05-02 13:31:33.579 -03:00 [INF] Request starting HTTP/1.1 GET http://localhost:5283/api/dashboard/summary - null null
2026-05-02 13:31:33.582 -03:00 [INF] CORS policy execution successful.
2026-05-02 13:31:33.583 -03:00 [INF] Executing endpoint 'IdentityDefense.API.Controllers.DashboardController.GetSummary (IdentityDefense.API)'
2026-05-02 13:31:33.585 -03:00 [INF] Route matched with {action = "GetSummary", controller = "Dashboard"}. Executing controller action with signature System.Threading.Tasks.Task`1[Microsoft.AspNetCore.Mvc.IActionResult] GetSummary() on controller IdentityDefense.API.Controllers.DashboardController (IdentityDefense.API).
2026-05-02 13:31:33.591 -03:00 [INF] Executed DbCommand (2ms) [Parameters=[], CommandType='"Text"', CommandTimeout='30']
SELECT i."Id", i."Channel", i."Classification", i."CreatedAt", i."DetectedSignals", i."RiskReasons", i."RiskScore", i."Source", i."Subject"
FROM identity_risk_cases AS i
ORDER BY i."CreatedAt" DESC
2026-05-02 13:31:33.593 -03:00 [INF] Executing OkObjectResult, writing value of type 'IdentityDefense.Application.DTOs.DashboardSummaryDto'.
2026-05-02 13:31:33.595 -03:00 [INF] Executed action IdentityDefense.API.Controllers.DashboardController.GetSummary (IdentityDefense.API) in 7.708ms
2026-05-02 13:31:33.597 -03:00 [INF] Executed endpoint 'IdentityDefense.API.Controllers.DashboardController.GetSummary (IdentityDefense.API)'
2026-05-02 13:31:33.599 -03:00 [INF] Request finished HTTP/1.1 GET http://localhost:5283/api/dashboard/summary - 200 null application/json; charset=utf-8 20.163ms
2026-05-02 13:32:33.566 -03:00 [INF] Request starting HTTP/1.1 OPTIONS http://localhost:5283/api/dashboard/summary - null null
2026-05-02 13:32:33.570 -03:00 [INF] CORS policy execution successful.
2026-05-02 13:32:33.570 -03:00 [INF] Request finished HTTP/1.1 OPTIONS http://localhost:5283/api/dashboard/summary - 204 null null 4.3137ms
2026-05-02 13:32:33.578 -03:00 [INF] Request starting HTTP/1.1 GET http://localhost:5283/api/dashboard/summary - null null
2026-05-02 13:32:33.586 -03:00 [INF] CORS policy execution successful.
2026-05-02 13:32:33.587 -03:00 [INF] Executing endpoint 'IdentityDefense.API.Controllers.DashboardController.GetSummary (IdentityDefense.API)'
2026-05-02 13:32:33.589 -03:00 [INF] Route matched with {action = "GetSummary", controller = "Dashboard"}. Executing controller action with signature System.Threading.Tasks.Task`1[Microsoft.AspNetCore.Mvc.IActionResult] GetSummary() on controller IdentityDefense.API.Controllers.DashboardController (IdentityDefense.API).
2026-05-02 13:32:33.596 -03:00 [INF] Executed DbCommand (3ms) [Parameters=[], CommandType='"Text"', CommandTimeout='30']
SELECT i."Id", i."Channel", i."Classification", i."CreatedAt", i."DetectedSignals", i."RiskReasons", i."RiskScore", i."Source", i."Subject"
FROM identity_risk_cases AS i
ORDER BY i."CreatedAt" DESC
2026-05-02 13:32:33.599 -03:00 [INF] Executing OkObjectResult, writing value of type 'IdentityDefense.Application.DTOs.DashboardSummaryDto'.
2026-05-02 13:32:33.601 -03:00 [INF] Executed action IdentityDefense.API.Controllers.DashboardController.GetSummary (IdentityDefense.API) in 8.5979ms
2026-05-02 13:32:33.604 -03:00 [INF] Executed endpoint 'IdentityDefense.API.Controllers.DashboardController.GetSummary (IdentityDefense.API)'
2026-05-02 13:32:33.606 -03:00 [INF] Request finished HTTP/1.1 GET http://localhost:5283/api/dashboard/summary - 200 null application/json; charset=utf-8 28.15ms
2026-05-02 13:32:57.553 -03:00 [INF] Request starting HTTP/1.1 OPTIONS http://localhost:5283/api/dashboard/summary - null null
2026-05-02 13:32:57.561 -03:00 [INF] CORS policy execution successful.
2026-05-02 13:32:57.562 -03:00 [INF] Request finished HTTP/1.1 OPTIONS http://localhost:5283/api/dashboard/summary - 204 null null 9.6887ms
2026-05-02 13:32:57.569 -03:00 [INF] Request starting HTTP/1.1 GET http://localhost:5283/api/dashboard/summary - null null
2026-05-02 13:32:57.573 -03:00 [INF] CORS policy execution successful.
2026-05-02 13:32:57.575 -03:00 [INF] Executing endpoint 'IdentityDefense.API.Controllers.DashboardController.GetSummary (IdentityDefense.API)'
2026-05-02 13:32:57.576 -03:00 [INF] Route matched with {action = "GetSummary", controller = "Dashboard"}. Executing controller action with signature System.Threading.Tasks.Task`1[Microsoft.AspNetCore.Mvc.IActionResult] GetSummary() on controller IdentityDefense.API.Controllers.DashboardController (IdentityDefense.API).
2026-05-02 13:32:57.595 -03:00 [INF] Executed DbCommand (2ms) [Parameters=[], CommandType='"Text"', CommandTimeout='30']
SELECT i."Id", i."Channel", i."Classification", i."CreatedAt", i."DetectedSignals", i."RiskReasons", i."RiskScore", i."Source", i."Subject"
FROM identity_risk_cases AS i
ORDER BY i."CreatedAt" DESC
2026-05-02 13:32:57.599 -03:00 [INF] Executing OkObjectResult, writing value of type 'IdentityDefense.Application.DTOs.DashboardSummaryDto'.
2026-05-02 13:32:57.601 -03:00 [INF] Executed action IdentityDefense.API.Controllers.DashboardController.GetSummary (IdentityDefense.API) in 18.5979ms
2026-05-02 13:32:57.603 -03:00 [INF] Executed endpoint 'IdentityDefense.API.Controllers.DashboardController.GetSummary (IdentityDefense.API)'
2026-05-02 13:32:57.604 -03:00 [INF] Request finished HTTP/1.1 GET http://localhost:5283/api/dashboard/summary - 200 null application/json; charset=utf-8 35.7721ms
2026-05-02 13:32:58.799 -03:00 [INF] Request starting HTTP/1.1 GET http://localhost:5283/api/dashboard/summary - null null
2026-05-02 13:32:58.806 -03:00 [INF] CORS policy execution successful.
2026-05-02 13:32:58.807 -03:00 [INF] Executing endpoint 'IdentityDefense.API.Controllers.DashboardController.GetSummary (IdentityDefense.API)'
2026-05-02 13:32:58.810 -03:00 [INF] Route matched with {action = "GetSummary", controller = "Dashboard"}. Executing controller action with signature System.Threading.Tasks.Task`1[Microsoft.AspNetCore.Mvc.IActionResult] GetSummary() on controller IdentityDefense.API.Controllers.DashboardController (IdentityDefense.API).
2026-05-02 13:32:58.819 -03:00 [INF] Executed DbCommand (3ms) [Parameters=[], CommandType='"Text"', CommandTimeout='30']
SELECT i."Id", i."Channel", i."Classification", i."CreatedAt", i."DetectedSignals", i."RiskReasons", i."RiskScore", i."Source", i."Subject"
FROM identity_risk_cases AS i
ORDER BY i."CreatedAt" DESC
2026-05-02 13:32:58.826 -03:00 [INF] Executing OkObjectResult, writing value of type 'IdentityDefense.Application.DTOs.DashboardSummaryDto'.
2026-05-02 13:32:58.828 -03:00 [INF] Executed action IdentityDefense.API.Controllers.DashboardController.GetSummary (IdentityDefense.API) in 12.9788ms
2026-05-02 13:32:58.829 -03:00 [INF] Executed endpoint 'IdentityDefense.API.Controllers.DashboardController.GetSummary (IdentityDefense.API)'
2026-05-02 13:32:58.831 -03:00 [INF] Request finished HTTP/1.1 GET http://localhost:5283/api/dashboard/summary - 200 null application/json; charset=utf-8 32.1599ms
2026-05-02 13:33:27.002 -03:00 [INF] Request starting HTTP/1.1 OPTIONS http://localhost:5283/api/auth/me - null null
2026-05-02 13:33:27.004 -03:00 [INF] Request starting HTTP/1.1 OPTIONS http://localhost:5283/api/auth/me - null null
2026-05-02 13:33:27.006 -03:00 [INF] CORS policy execution successful.
2026-05-02 13:33:27.010 -03:00 [INF] Request finished HTTP/1.1 OPTIONS http://localhost:5283/api/auth/me - 204 null null 7.975ms
2026-05-02 13:33:27.010 -03:00 [INF] CORS policy execution successful.
2026-05-02 13:33:27.014 -03:00 [INF] Request starting HTTP/1.1 GET http://localhost:5283/api/auth/me - null null
2026-05-02 13:33:27.015 -03:00 [INF] Request finished HTTP/1.1 OPTIONS http://localhost:5283/api/auth/me - 204 null null 10.7378ms
2026-05-02 13:33:27.017 -03:00 [INF] CORS policy execution successful.
2026-05-02 13:33:27.036 -03:00 [INF] Executing endpoint 'IdentityDefense.API.Controllers.AuthController.Me (IdentityDefense.API)'
2026-05-02 13:33:27.041 -03:00 [INF] Route matched with {action = "Me", controller = "Auth"}. Executing controller action with signature Microsoft.AspNetCore.Mvc.IActionResult Me() on controller IdentityDefense.API.Controllers.AuthController (IdentityDefense.API).
2026-05-02 13:33:27.046 -03:00 [INF] Executing OkObjectResult, writing value of type '<>f__AnonymousType2`4[[System.String, System.Private.CoreLib, Version=9.0.0.0, Culture=neutral, PublicKeyToken=7cec85d7bea7798e],[System.String, System.Private.CoreLib, Version=9.0.0.0, Culture=neutral, PublicKeyToken=7cec85d7bea7798e],[System.String, System.Private.CoreLib, Version=9.0.0.0, Culture=neutral, PublicKeyToken=7cec85d7bea7798e],[System.String, System.Private.CoreLib, Version=9.0.0.0, Culture=neutral, PublicKeyToken=7cec85d7bea7798e]]'.
2026-05-02 13:33:27.050 -03:00 [INF] Executed action IdentityDefense.API.Controllers.AuthController.Me (IdentityDefense.API) in 5.8346ms
2026-05-02 13:33:27.051 -03:00 [INF] Request starting HTTP/1.1 GET http://localhost:5283/api/auth/me - null null
2026-05-02 13:33:27.052 -03:00 [INF] Executed endpoint 'IdentityDefense.API.Controllers.AuthController.Me (IdentityDefense.API)'
2026-05-02 13:33:27.054 -03:00 [INF] CORS policy execution successful.
2026-05-02 13:33:27.056 -03:00 [INF] Request finished HTTP/1.1 GET http://localhost:5283/api/auth/me - 200 null application/json; charset=utf-8 41.9437ms
2026-05-02 13:33:27.057 -03:00 [INF] Executing endpoint 'IdentityDefense.API.Controllers.AuthController.Me (IdentityDefense.API)'
2026-05-02 13:33:27.060 -03:00 [INF] Request starting HTTP/1.1 OPTIONS http://localhost:5283/api/dashboard/summary - null null
2026-05-02 13:33:27.062 -03:00 [INF] Route matched with {action = "Me", controller = "Auth"}. Executing controller action with signature Microsoft.AspNetCore.Mvc.IActionResult Me() on controller IdentityDefense.API.Controllers.AuthController (IdentityDefense.API).
2026-05-02 13:33:27.062 -03:00 [INF] Request starting HTTP/1.1 OPTIONS http://localhost:5283/hubs/incidents/negotiate?negotiateVersion=1 - null null
2026-05-02 13:33:27.064 -03:00 [INF] CORS policy execution successful.
2026-05-02 13:33:27.067 -03:00 [INF] Executing OkObjectResult, writing value of type '<>f__AnonymousType2`4[[System.String, System.Private.CoreLib, Version=9.0.0.0, Culture=neutral, PublicKeyToken=7cec85d7bea7798e],[System.String, System.Private.CoreLib, Version=9.0.0.0, Culture=neutral, PublicKeyToken=7cec85d7bea7798e],[System.String, System.Private.CoreLib, Version=9.0.0.0, Culture=neutral, PublicKeyToken=7cec85d7bea7798e],[System.String, System.Private.CoreLib, Version=9.0.0.0, Culture=neutral, PublicKeyToken=7cec85d7bea7798e]]'.
2026-05-02 13:33:27.069 -03:00 [INF] CORS policy execution successful.
2026-05-02 13:33:27.070 -03:00 [INF] Request finished HTTP/1.1 OPTIONS http://localhost:5283/api/dashboard/summary - 204 null null 9.6162ms
2026-05-02 13:33:27.072 -03:00 [INF] Executed action IdentityDefense.API.Controllers.AuthController.Me (IdentityDefense.API) in 5.592ms
2026-05-02 13:33:27.073 -03:00 [INF] Request finished HTTP/1.1 OPTIONS http://localhost:5283/hubs/incidents/negotiate?negotiateVersion=1 - 204 null null 10.5197ms
2026-05-02 13:33:27.075 -03:00 [INF] Request starting HTTP/1.1 POST http://localhost:5283/hubs/incidents/negotiate?negotiateVersion=1 - null 0
2026-05-02 13:33:27.077 -03:00 [INF] Request starting HTTP/1.1 GET http://localhost:5283/api/dashboard/summary - null null
2026-05-02 13:33:27.078 -03:00 [INF] Executed endpoint 'IdentityDefense.API.Controllers.AuthController.Me (IdentityDefense.API)'
2026-05-02 13:33:27.085 -03:00 [INF] CORS policy execution successful.
2026-05-02 13:33:27.086 -03:00 [INF] CORS policy execution successful.
2026-05-02 13:33:27.088 -03:00 [INF] Request finished HTTP/1.1 GET http://localhost:5283/api/auth/me - 200 null application/json; charset=utf-8 36.5824ms
2026-05-02 13:33:27.090 -03:00 [INF] Executing endpoint '/hubs/incidents/negotiate'
2026-05-02 13:33:27.090 -03:00 [INF] Executing endpoint 'IdentityDefense.API.Controllers.DashboardController.GetSummary (IdentityDefense.API)'
2026-05-02 13:33:27.094 -03:00 [INF] Request starting HTTP/1.1 OPTIONS http://localhost:5283/hubs/incidents/negotiate?negotiateVersion=1 - null null
2026-05-02 13:33:27.097 -03:00 [INF] Route matched with {action = "GetSummary", controller = "Dashboard"}. Executing controller action with signature System.Threading.Tasks.Task`1[Microsoft.AspNetCore.Mvc.IActionResult] GetSummary() on controller IdentityDefense.API.Controllers.DashboardController (IdentityDefense.API).
2026-05-02 13:33:27.100 -03:00 [INF] CORS policy execution successful.
2026-05-02 13:33:27.103 -03:00 [INF] Request finished HTTP/1.1 OPTIONS http://localhost:5283/hubs/incidents/negotiate?negotiateVersion=1 - 204 null null 8.6845ms
2026-05-02 13:33:27.106 -03:00 [INF] Executed DbCommand (3ms) [Parameters=[], CommandType='"Text"', CommandTimeout='30']
SELECT i."Id", i."Channel", i."Classification", i."CreatedAt", i."DetectedSignals", i."RiskReasons", i."RiskScore", i."Source", i."Subject"
FROM identity_risk_cases AS i
ORDER BY i."CreatedAt" DESC
2026-05-02 13:33:27.107 -03:00 [INF] Request starting HTTP/1.1 POST http://localhost:5283/hubs/incidents/negotiate?negotiateVersion=1 - null 0
2026-05-02 13:33:27.107 -03:00 [INF] Executed endpoint '/hubs/incidents/negotiate'
2026-05-02 13:33:27.111 -03:00 [INF] Executing OkObjectResult, writing value of type 'IdentityDefense.Application.DTOs.DashboardSummaryDto'.
2026-05-02 13:33:27.113 -03:00 [INF] CORS policy execution successful.
2026-05-02 13:33:27.114 -03:00 [INF] Request finished HTTP/1.1 POST http://localhost:5283/hubs/incidents/negotiate?negotiateVersion=1 - 200 316 application/json 39.4246ms
2026-05-02 13:33:27.116 -03:00 [INF] Executed action IdentityDefense.API.Controllers.DashboardController.GetSummary (IdentityDefense.API) in 14.0465ms
2026-05-02 13:33:27.117 -03:00 [INF] Executing endpoint '/hubs/incidents/negotiate'
2026-05-02 13:33:27.117 -03:00 [INF] Request starting HTTP/1.1 GET http://localhost:5283/api/dashboard/summary - null null
2026-05-02 13:33:27.123 -03:00 [INF] Executed endpoint 'IdentityDefense.API.Controllers.DashboardController.GetSummary (IdentityDefense.API)'
2026-05-02 13:33:27.124 -03:00 [INF] Executed endpoint '/hubs/incidents/negotiate'
2026-05-02 13:33:27.129 -03:00 [INF] Request finished HTTP/1.1 POST http://localhost:5283/hubs/incidents/negotiate?negotiateVersion=1 - 200 316 application/json 21.9266ms
2026-05-02 13:33:27.127 -03:00 [INF] Request finished HTTP/1.1 GET http://localhost:5283/api/dashboard/summary - 200 null application/json; charset=utf-8 50.758ms
2026-05-02 13:33:27.126 -03:00 [INF] CORS policy execution successful.
2026-05-02 13:33:27.129 -03:00 [INF] Request starting HTTP/1.1 GET http://localhost:5283/hubs/incidents?id=xTiGvO9di3WC1rnrmdypPA&access_token=eyJhbGciOiJIUzI1NiIsInR5cCI6IkpXVCJ9.eyJzdWIiOiIwZDRlZjA0Ny1jYmZmLTQzMWQtYjE2NC01OTFiZmU2ZjEyZTMiLCJlbWFpbCI6ImpvYW9AemNvcnAuZGV2IiwiaHR0cDovL3NjaGVtYXMueG1sc29hcC5vcmcvd3MvMjAwNS8wNS9pZGVudGl0eS9jbGFpbXMvbmFtZWlkZW50aWZpZXIiOiIwZDRlZjA0Ny1jYmZmLTQzMWQtYjE2NC01OTFiZmU2ZjEyZTMiLCJodHRwOi8vc2NoZW1hcy54bWxzb2FwLm9yZy93cy8yMDA1LzA1L2lkZW50aXR5L2NsYWltcy9uYW1lIjoiSm9hbyBBbmFseXN0IiwiaHR0cDovL3NjaGVtYXMueG1sc29hcC5vcmcvd3MvMjAwNS8wNS9pZGVudGl0eS9jbGFpbXMvZW1haWxhZGRyZXNzIjoiam9hb0B6Y29ycC5kZXYiLCJodHRwOi8vc2NoZW1hcy5taWNyb3NvZnQuY29tL3dzLzIwMDgvMDYvaWRlbnRpdHkvY2xhaW1zL3JvbGUiOiJBZG1pbiIsImV4cCI6MTc3Nzc2NzQ1NiwiaXNzIjoiWkNvcnBTZW50aW5lbCIsImF1ZCI6IlpDb3JwU2VudGluZWxVc2VycyJ9.9GM9opptXQaT87p1pdh0fLtIgKPEWNNmsay3FhYPea4 - null null
2026-05-02 13:33:27.137 -03:00 [INF] Executing endpoint 'IdentityDefense.API.Controllers.DashboardController.GetSummary (IdentityDefense.API)'
2026-05-02 13:33:27.139 -03:00 [INF] CORS policy execution successful.
2026-05-02 13:33:27.140 -03:00 [INF] Route matched with {action = "GetSummary", controller = "Dashboard"}. Executing controller action with signature System.Threading.Tasks.Task`1[Microsoft.AspNetCore.Mvc.IActionResult] GetSummary() on controller IdentityDefense.API.Controllers.DashboardController (IdentityDefense.API).
2026-05-02 13:33:27.141 -03:00 [INF] Authorization failed. These requirements were not met:
DenyAnonymousAuthorizationRequirement: Requires an authenticated user.
2026-05-02 13:33:27.145 -03:00 [INF] Executed DbCommand (2ms) [Parameters=[], CommandType='"Text"', CommandTimeout='30']
SELECT i."Id", i."Channel", i."Classification", i."CreatedAt", i."DetectedSignals", i."RiskReasons", i."RiskScore", i."Source", i."Subject"
FROM identity_risk_cases AS i
ORDER BY i."CreatedAt" DESC
2026-05-02 13:33:27.148 -03:00 [INF] AuthenticationScheme: Bearer was challenged.
2026-05-02 13:33:27.148 -03:00 [INF] Executing OkObjectResult, writing value of type 'IdentityDefense.Application.DTOs.DashboardSummaryDto'.
2026-05-02 13:33:27.149 -03:00 [INF] Request finished HTTP/1.1 GET http://localhost:5283/hubs/incidents?id=xTiGvO9di3WC1rnrmdypPA&access_token=eyJhbGciOiJIUzI1NiIsInR5cCI6IkpXVCJ9.eyJzdWIiOiIwZDRlZjA0Ny1jYmZmLTQzMWQtYjE2NC01OTFiZmU2ZjEyZTMiLCJlbWFpbCI6ImpvYW9AemNvcnAuZGV2IiwiaHR0cDovL3NjaGVtYXMueG1sc29hcC5vcmcvd3MvMjAwNS8wNS9pZGVudGl0eS9jbGFpbXMvbmFtZWlkZW50aWZpZXIiOiIwZDRlZjA0Ny1jYmZmLTQzMWQtYjE2NC01OTFiZmU2ZjEyZTMiLCJodHRwOi8vc2NoZW1hcy54bWxzb2FwLm9yZy93cy8yMDA1LzA1L2lkZW50aXR5L2NsYWltcy9uYW1lIjoiSm9hbyBBbmFseXN0IiwiaHR0cDovL3NjaGVtYXMueG1sc29hcC5vcmcvd3MvMjAwNS8wNS9pZGVudGl0eS9jbGFpbXMvZW1haWxhZGRyZXNzIjoiam9hb0B6Y29ycC5kZXYiLCJodHRwOi8vc2NoZW1hcy5taWNyb3NvZnQuY29tL3dzLzIwMDgvMDYvaWRlbnRpdHkvY2xhaW1zL3JvbGUiOiJBZG1pbiIsImV4cCI6MTc3Nzc2NzQ1NiwiaXNzIjoiWkNvcnBTZW50aW5lbCIsImF1ZCI6IlpDb3JwU2VudGluZWxVc2VycyJ9.9GM9opptXQaT87p1pdh0fLtIgKPEWNNmsay3FhYPea4 - 401 0 null 19.97ms
2026-05-02 13:33:27.152 -03:00 [INF] Executed action IdentityDefense.API.Controllers.DashboardController.GetSummary (IdentityDefense.API) in 9.8991ms
2026-05-02 13:33:27.157 -03:00 [INF] Executed endpoint 'IdentityDefense.API.Controllers.DashboardController.GetSummary (IdentityDefense.API)'
2026-05-02 13:33:27.158 -03:00 [INF] Request finished HTTP/1.1 GET http://localhost:5283/api/dashboard/summary - 200 null application/json; charset=utf-8 41.5972ms
2026-05-02 13:33:27.280 -03:00 [INF] Request starting HTTP/1.1 OPTIONS http://localhost:5283/hubs/incidents/negotiate?negotiateVersion=1 - null null
2026-05-02 13:33:27.283 -03:00 [INF] CORS policy execution successful.
2026-05-02 13:33:27.285 -03:00 [INF] Request finished HTTP/1.1 OPTIONS http://localhost:5283/hubs/incidents/negotiate?negotiateVersion=1 - 204 null null 4.7552ms
2026-05-02 13:33:27.286 -03:00 [INF] Request starting HTTP/1.1 POST http://localhost:5283/hubs/incidents/negotiate?negotiateVersion=1 - null 0
2026-05-02 13:33:27.292 -03:00 [INF] CORS policy execution successful.
2026-05-02 13:33:27.293 -03:00 [INF] Executing endpoint '/hubs/incidents/negotiate'
2026-05-02 13:33:27.295 -03:00 [INF] Executed endpoint '/hubs/incidents/negotiate'
2026-05-02 13:33:27.296 -03:00 [INF] Request finished HTTP/1.1 POST http://localhost:5283/hubs/incidents/negotiate?negotiateVersion=1 - 200 316 application/json 10.5174ms
2026-05-02 13:33:27.311 -03:00 [INF] Request starting HTTP/1.1 GET http://localhost:5283/hubs/incidents?id=9uChKVdMMnCfekwYC6qy4w&access_token=eyJhbGciOiJIUzI1NiIsInR5cCI6IkpXVCJ9.eyJzdWIiOiIwZDRlZjA0Ny1jYmZmLTQzMWQtYjE2NC01OTFiZmU2ZjEyZTMiLCJlbWFpbCI6ImpvYW9AemNvcnAuZGV2IiwiaHR0cDovL3NjaGVtYXMueG1sc29hcC5vcmcvd3MvMjAwNS8wNS9pZGVudGl0eS9jbGFpbXMvbmFtZWlkZW50aWZpZXIiOiIwZDRlZjA0Ny1jYmZmLTQzMWQtYjE2NC01OTFiZmU2ZjEyZTMiLCJodHRwOi8vc2NoZW1hcy54bWxzb2FwLm9yZy93cy8yMDA1LzA1L2lkZW50aXR5L2NsYWltcy9uYW1lIjoiSm9hbyBBbmFseXN0IiwiaHR0cDovL3NjaGVtYXMueG1sc29hcC5vcmcvd3MvMjAwNS8wNS9pZGVudGl0eS9jbGFpbXMvZW1haWxhZGRyZXNzIjoiam9hb0B6Y29ycC5kZXYiLCJodHRwOi8vc2NoZW1hcy5taWNyb3NvZnQuY29tL3dzLzIwMDgvMDYvaWRlbnRpdHkvY2xhaW1zL3JvbGUiOiJBZG1pbiIsImV4cCI6MTc3Nzc2NzQ1NiwiaXNzIjoiWkNvcnBTZW50aW5lbCIsImF1ZCI6IlpDb3JwU2VudGluZWxVc2VycyJ9.9GM9opptXQaT87p1pdh0fLtIgKPEWNNmsay3FhYPea4 - null null
2026-05-02 13:33:27.317 -03:00 [INF] CORS policy execution successful.
2026-05-02 13:33:27.319 -03:00 [INF] Authorization failed. These requirements were not met:
DenyAnonymousAuthorizationRequirement: Requires an authenticated user.
2026-05-02 13:33:27.322 -03:00 [INF] AuthenticationScheme: Bearer was challenged.
2026-05-02 13:33:27.323 -03:00 [INF] Request finished HTTP/1.1 GET http://localhost:5283/hubs/incidents?id=9uChKVdMMnCfekwYC6qy4w&access_token=eyJhbGciOiJIUzI1NiIsInR5cCI6IkpXVCJ9.eyJzdWIiOiIwZDRlZjA0Ny1jYmZmLTQzMWQtYjE2NC01OTFiZmU2ZjEyZTMiLCJlbWFpbCI6ImpvYW9AemNvcnAuZGV2IiwiaHR0cDovL3NjaGVtYXMueG1sc29hcC5vcmcvd3MvMjAwNS8wNS9pZGVudGl0eS9jbGFpbXMvbmFtZWlkZW50aWZpZXIiOiIwZDRlZjA0Ny1jYmZmLTQzMWQtYjE2NC01OTFiZmU2ZjEyZTMiLCJodHRwOi8vc2NoZW1hcy54bWxzb2FwLm9yZy93cy8yMDA1LzA1L2lkZW50aXR5L2NsYWltcy9uYW1lIjoiSm9hbyBBbmFseXN0IiwiaHR0cDovL3NjaGVtYXMueG1sc29hcC5vcmcvd3MvMjAwNS8wNS9pZGVudGl0eS9jbGFpbXMvZW1haWxhZGRyZXNzIjoiam9hb0B6Y29ycC5kZXYiLCJodHRwOi8vc2NoZW1hcy5taWNyb3NvZnQuY29tL3dzLzIwMDgvMDYvaWRlbnRpdHkvY2xhaW1zL3JvbGUiOiJBZG1pbiIsImV4cCI6MTc3Nzc2NzQ1NiwiaXNzIjoiWkNvcnBTZW50aW5lbCIsImF1ZCI6IlpDb3JwU2VudGluZWxVc2VycyJ9.9GM9opptXQaT87p1pdh0fLtIgKPEWNNmsay3FhYPea4 - 401 0 null 12.6199ms
2026-05-02 13:33:27.325 -03:00 [INF] Request starting HTTP/1.1 OPTIONS http://localhost:5283/hubs/incidents/negotiate?negotiateVersion=1 - null null
2026-05-02 13:33:27.331 -03:00 [INF] CORS policy execution successful.
2026-05-02 13:33:27.332 -03:00 [INF] Request finished HTTP/1.1 OPTIONS http://localhost:5283/hubs/incidents/negotiate?negotiateVersion=1 - 204 null null 6.4327ms
2026-05-02 13:33:27.333 -03:00 [INF] Request starting HTTP/1.1 POST http://localhost:5283/hubs/incidents/negotiate?negotiateVersion=1 - null 0
2026-05-02 13:33:27.340 -03:00 [INF] CORS policy execution successful.
2026-05-02 13:33:27.341 -03:00 [INF] Executing endpoint '/hubs/incidents/negotiate'
2026-05-02 13:33:27.342 -03:00 [INF] Executed endpoint '/hubs/incidents/negotiate'
2026-05-02 13:33:27.344 -03:00 [INF] Request finished HTTP/1.1 POST http://localhost:5283/hubs/incidents/negotiate?negotiateVersion=1 - 200 316 application/json 10.4646ms
2026-05-02 13:33:27.345 -03:00 [INF] Request starting HTTP/1.1 OPTIONS http://localhost:5283/hubs/incidents?id=71uaeSsw3Rz31MXCEvvnFQ&_=1777739607344 - null null
2026-05-02 13:33:27.357 -03:00 [INF] CORS policy execution successful.
2026-05-02 13:33:27.360 -03:00 [INF] Request finished HTTP/1.1 OPTIONS http://localhost:5283/hubs/incidents?id=71uaeSsw3Rz31MXCEvvnFQ&_=1777739607344 - 204 null null 14.548ms
2026-05-02 13:33:27.362 -03:00 [INF] Request starting HTTP/1.1 GET http://localhost:5283/hubs/incidents?id=71uaeSsw3Rz31MXCEvvnFQ&_=1777739607344 - null null
2026-05-02 13:33:27.368 -03:00 [INF] CORS policy execution successful.
2026-05-02 13:33:27.374 -03:00 [INF] Executing endpoint '/hubs/incidents'
2026-05-02 13:33:27.389 -03:00 [INF] Executed endpoint '/hubs/incidents'
2026-05-02 13:33:27.390 -03:00 [INF] Request finished HTTP/1.1 GET http://localhost:5283/hubs/incidents?id=71uaeSsw3Rz31MXCEvvnFQ&_=1777739607344 - 200 0 application/octet-stream 27.9011ms
2026-05-02 13:33:27.392 -03:00 [INF] Request starting HTTP/1.1 OPTIONS http://localhost:5283/hubs/incidents?id=71uaeSsw3Rz31MXCEvvnFQ&_=1777739607390 - null null
2026-05-02 13:33:27.392 -03:00 [INF] Request starting HTTP/1.1 OPTIONS http://localhost:5283/hubs/incidents?id=71uaeSsw3Rz31MXCEvvnFQ - null null
2026-05-02 13:33:27.399 -03:00 [INF] CORS policy execution successful.
2026-05-02 13:33:27.397 -03:00 [INF] CORS policy execution successful.
2026-05-02 13:33:27.412 -03:00 [INF] Request finished HTTP/1.1 OPTIONS http://localhost:5283/hubs/incidents?id=71uaeSsw3Rz31MXCEvvnFQ&_=1777739607390 - 204 null null 20.3093ms
2026-05-02 13:33:27.410 -03:00 [INF] Request finished HTTP/1.1 OPTIONS http://localhost:5283/hubs/incidents?id=71uaeSsw3Rz31MXCEvvnFQ - 204 null null 17.9507ms
2026-05-02 13:33:27.417 -03:00 [INF] Request starting HTTP/1.1 POST http://localhost:5283/hubs/incidents?id=71uaeSsw3Rz31MXCEvvnFQ - text/plain;charset=UTF-8 32
2026-05-02 13:33:27.421 -03:00 [INF] Request starting HTTP/1.1 GET http://localhost:5283/hubs/incidents?id=71uaeSsw3Rz31MXCEvvnFQ&_=1777739607390 - null null
2026-05-02 13:33:27.433 -03:00 [INF] CORS policy execution successful.
2026-05-02 13:33:27.436 -03:00 [INF] CORS policy execution successful.
2026-05-02 13:33:27.437 -03:00 [INF] Executing endpoint '/hubs/incidents'
2026-05-02 13:33:27.438 -03:00 [INF] Executing endpoint '/hubs/incidents'
2026-05-02 13:33:27.447 -03:00 [INF] Executed endpoint '/hubs/incidents'
2026-05-02 13:33:27.468 -03:00 [INF] Executed endpoint '/hubs/incidents'
2026-05-02 13:33:27.470 -03:00 [INF] Request finished HTTP/1.1 POST http://localhost:5283/hubs/incidents?id=71uaeSsw3Rz31MXCEvvnFQ - 200 0 text/plain 53.4458ms
2026-05-02 13:33:27.473 -03:00 [INF] Request finished HTTP/1.1 GET http://localhost:5283/hubs/incidents?id=71uaeSsw3Rz31MXCEvvnFQ&_=1777739607390 - 200 3 application/octet-stream 51.525ms
2026-05-02 13:33:27.475 -03:00 [INF] Request starting HTTP/1.1 OPTIONS http://localhost:5283/hubs/incidents?id=71uaeSsw3Rz31MXCEvvnFQ&_=1777739607470 - null null
2026-05-02 13:33:27.497 -03:00 [INF] CORS policy execution successful.
2026-05-02 13:33:27.498 -03:00 [INF] Request finished HTTP/1.1 OPTIONS http://localhost:5283/hubs/incidents?id=71uaeSsw3Rz31MXCEvvnFQ&_=1777739607470 - 204 null null 23.3926ms
2026-05-02 13:33:27.500 -03:00 [INF] Request starting HTTP/1.1 GET http://localhost:5283/hubs/incidents?id=71uaeSsw3Rz31MXCEvvnFQ&_=1777739607470 - null null
2026-05-02 13:33:27.505 -03:00 [INF] CORS policy execution successful.
2026-05-02 13:33:27.506 -03:00 [INF] Executing endpoint '/hubs/incidents'
2026-05-02 13:33:29.046 -03:00 [INF] Request starting HTTP/1.1 OPTIONS http://localhost:5283/hubs/incidents?id=71uaeSsw3Rz31MXCEvvnFQ - null null
2026-05-02 13:33:29.047 -03:00 [INF] Request starting HTTP/1.1 OPTIONS http://localhost:5283/hubs/incidents?id=71uaeSsw3Rz31MXCEvvnFQ - null null
2026-05-02 13:33:29.054 -03:00 [INF] CORS policy execution successful.
2026-05-02 13:33:29.056 -03:00 [INF] Executed endpoint '/hubs/incidents'
2026-05-02 13:33:29.058 -03:00 [INF] CORS policy execution successful.
2026-05-02 13:33:29.061 -03:00 [INF] Request finished HTTP/1.1 OPTIONS http://localhost:5283/hubs/incidents?id=71uaeSsw3Rz31MXCEvvnFQ - 204 null null 15.0534ms
2026-05-02 13:33:29.064 -03:00 [INF] Request finished HTTP/1.1 GET http://localhost:5283/hubs/incidents?id=71uaeSsw3Rz31MXCEvvnFQ&_=1777739607470 - 499 null null 1564.1908ms
2026-05-02 13:33:29.064 -03:00 [INF] Request starting HTTP/1.1 POST http://localhost:5283/hubs/incidents?id=71uaeSsw3Rz31MXCEvvnFQ - text/plain;charset=UTF-8 11
2026-05-02 13:33:29.065 -03:00 [INF] Request finished HTTP/1.1 OPTIONS http://localhost:5283/hubs/incidents?id=71uaeSsw3Rz31MXCEvvnFQ - 204 null null 18.8321ms
2026-05-02 13:33:29.068 -03:00 [INF] Request starting HTTP/1.1 DELETE http://localhost:5283/hubs/incidents?id=71uaeSsw3Rz31MXCEvvnFQ - null null
2026-05-02 13:33:29.082 -03:00 [INF] CORS policy execution successful.
2026-05-02 13:33:29.092 -03:00 [INF] CORS policy execution successful.
2026-05-02 13:33:29.095 -03:00 [INF] Executing endpoint '/hubs/incidents'
2026-05-02 13:33:29.097 -03:00 [INF] Executing endpoint '/hubs/incidents'
2026-05-02 13:33:29.098 -03:00 [INF] Executed endpoint '/hubs/incidents'
2026-05-02 13:33:29.100 -03:00 [INF] Request finished HTTP/1.1 POST http://localhost:5283/hubs/incidents?id=71uaeSsw3Rz31MXCEvvnFQ - 200 0 text/plain 36.502ms
2026-05-02 13:33:29.103 -03:00 [INF] Executed endpoint '/hubs/incidents'
2026-05-02 13:33:29.110 -03:00 [INF] Request finished HTTP/1.1 DELETE http://localhost:5283/hubs/incidents?id=71uaeSsw3Rz31MXCEvvnFQ - 202 0 text/plain 42.4073ms
